<?xml version="1.0" encoding="UTF-8"?>
<!-- Generated by org.testng.reporters.JUnitXMLReporter -->
<testsuite ignored="0" hostname="LAPTOP-DL2UKEQV" failures="1" tests="3" name="Submit Order Test" time="35.263" errors="0" timestamp="2024-03-14T10:20:39 IST">
  <testcase classname="ParentCompany.tests.SubmitOrderTest" name="submitOrder" time="15.154"/>
  <testcase classname="ParentCompany.tests.SubmitOrderTest" name="submitOrder" time="14.964"/>
  <testcase classname="ParentCompany.tests.SubmitOrderTest" name="orderHistoryTest" time="0.544">
    <failure type="java.lang.AssertionError" message="expected [true] but found [false]">
      <![CDATA[java.lang.AssertionError: expected [true] but found [false]
at ParentCompany.tests.SubmitOrderTest.orderHistoryTest(SubmitOrderTest.java:52)
at java.base/java.util.ArrayList.forEach(ArrayList.java:1511)
... Removed 31 stack frames]]>
    </failure>
  </testcase> <!-- orderHistoryTest -->
</testsuite> <!-- Submit Order Test -->
